2023-03-28T10:00:43+00:00 DEBUG tt4b_product_sync: missing access token for tt4b_product_sync
2023-03-28T10:01:32+00:00 DEBUG tt4b_product_sync: missing access token for tt4b_product_sync
2023-03-28T10:03:33+00:00 DEBUG tt4b_product_sync: missing access token for tt4b_product_sync
2023-03-28T10:05:33+00:00 DEBUG tt4b_product_sync: missing access token for tt4b_product_sync
2023-03-28T10:06:24+00:00 DEBUG tt4b_product_sync: missing access token for tt4b_product_sync
2023-03-28T10:25:32+00:00 DEBUG Tt4b_Pixel_Class::inject_add_to_cart_event: hit injectAddToCartEvent
2023-03-28T10:25:32+00:00 DEBUG Tt4b_Pixel_Class::inject_add_to_cart_event: Missing option "access_token"
2023-03-28T10:25:39+00:00 DEBUG Tt4b_Pixel_Class::inject_start_checkout: hit injectStartCheckout
2023-03-28T10:25:39+00:00 DEBUG Tt4b_Pixel_Class::inject_start_checkout: Missing option "access_token"
2023-03-28T11:04:43+00:00 DEBUG Tt4b_Pixel_Class::inject_add_to_cart_event: hit injectAddToCartEvent
2023-03-28T11:04:43+00:00 DEBUG Tt4b_Pixel_Class::inject_add_to_cart_event: Missing option "access_token"
2023-03-28T11:04:53+00:00 DEBUG Tt4b_Pixel_Class::inject_start_checkout: hit injectStartCheckout
2023-03-28T11:04:53+00:00 DEBUG Tt4b_Pixel_Class::inject_start_checkout: Missing option "access_token"
2023-03-28T11:04:54+00:00 DEBUG Tt4b_Pixel_Class::inject_start_checkout: hit injectStartCheckout
2023-03-28T11:04:54+00:00 DEBUG Tt4b_Pixel_Class::inject_start_checkout: Missing option "access_token"
2023-03-28T11:05:33+00:00 DEBUG Tt4b_Pixel_Class::inject_start_checkout: hit injectStartCheckout
2023-03-28T11:05:33+00:00 DEBUG Tt4b_Pixel_Class::inject_start_checkout: Missing option "access_token"
2023-03-28T11:05:35+00:00 DEBUG Tt4b_Pixel_Class::inject_start_checkout: hit injectStartCheckout
2023-03-28T11:05:35+00:00 DEBUG Tt4b_Pixel_Class::inject_start_checkout: Missing option "access_token"
2023-03-28T11:06:29+00:00 DEBUG Tt4b_Pixel_Class::inject_start_checkout: hit injectStartCheckout
2023-03-28T11:06:29+00:00 DEBUG Tt4b_Pixel_Class::inject_start_checkout: Missing option "access_token"
2023-03-28T11:06:31+00:00 DEBUG Tt4b_Pixel_Class::inject_start_checkout: hit injectStartCheckout
2023-03-28T11:06:31+00:00 DEBUG Tt4b_Pixel_Class::inject_start_checkout: Missing option "access_token"
2023-03-28T11:09:43+00:00 DEBUG Tt4b_Pixel_Class::inject_start_checkout: hit injectStartCheckout
2023-03-28T11:09:43+00:00 DEBUG Tt4b_Pixel_Class::inject_start_checkout: Missing option "access_token"
2023-03-28T11:10:38+00:00 DEBUG Tt4b_Pixel_Class::inject_start_checkout: hit injectStartCheckout
2023-03-28T11:10:38+00:00 DEBUG Tt4b_Pixel_Class::inject_start_checkout: Missing option "access_token"
